build/app/intermediates/manifest_merge_blame_file/debug/manifest-merger-blame-debug-report.txt
1<?xml version="1.0" encoding="utf-8"?>
2<manifest xmlns:android="http://schemas.android.com/apk/res/android"
3    package="com.example.mboa_pharmacie"
4    android:versionCode="1"
5    android:versionName="1.0.0" >
6
7    <uses-sdk
8        android:minSdkVersion="19"
9        android:targetSdkVersion="33" />
10    <!--
11         Flutter needs it to communicate with the running application
12         to allow setting breakpoints, to provide hot reload, etc.
13    -->
14    <uses-permission android:name="android.permission.INTERNET" />
14-->src\main\AndroidManifest.xml:4:5-67
14-->src\main\AndroidManifest.xml:4:22-64
15    <uses-permission android:name="android.permission.ACCESS_FINE_LOCATION" />
15-->src\main\AndroidManifest.xml:5:5-79
15-->src\main\AndroidManifest.xml:5:22-76
16    <uses-permission android:name="android.permission.ACCESS_LOCATION_EXTRA_COMMANDS" />
16-->src\main\AndroidManifest.xml:6:5-89
16-->src\main\AndroidManifest.xml:6:22-86
17    <uses-permission android:name="android.permission.ACCESS_COARSE_LOCATION" />
17-->src\main\AndroidManifest.xml:7:5-81
17-->src\main\AndroidManifest.xml:7:22-78
18    <uses-permission android:name="com.example.towntour.permission.MAPS_RECEIVE" />
18-->src\main\AndroidManifest.xml:8:5-84
18-->src\main\AndroidManifest.xml:8:22-81
19    <uses-permission android:name="android.permission.ACCESS_NETWORK_STATE" />
19-->src\main\AndroidManifest.xml:9:5-79
19-->src\main\AndroidManifest.xml:9:22-76
20    <uses-permission android:name="android.permission.CALL_PHONE" />
20-->src\main\AndroidManifest.xml:10:5-69
20-->src\main\AndroidManifest.xml:10:22-66
21    <uses-permission android:name="android.permission.READ_PHONE_STATE" />
21-->src\main\AndroidManifest.xml:11:5-75
21-->src\main\AndroidManifest.xml:11:22-72
22    <uses-permission android:name="android.permission.WAKE_LOCK" />
22-->src\main\AndroidManifest.xml:12:7-70
22-->src\main\AndroidManifest.xml:12:24-67
23    <uses-permission android:name="com.google.android.providers.gsf.permission.READ_GSERVICES" />
23-->src\main\AndroidManifest.xml:13:5-98
23-->src\main\AndroidManifest.xml:13:22-95
24
25    <permission
25-->[androidx.core:core:1.9.0] AndroidManifest.xml:22:5-24:47
26        android:name="com.example.mboa_pharmacie.DYNAMIC_RECEIVER_NOT_EXPORTED_PERMISSION"
26-->[androidx.core:core:1.9.0] AndroidManifest.xml:23:9-81
27        android:protectionLevel="signature" />
27-->[androidx.core:core:1.9.0] AndroidManifest.xml:24:9-44
28
29    <uses-permission android:name="com.example.mboa_pharmacie.DYNAMIC_RECEIVER_NOT_EXPORTED_PERMISSION" />
29-->[androidx.core:core:1.9.0] AndroidManifest.xml:26:5-97
29-->[androidx.core:core:1.9.0] AndroidManifest.xml:26:22-94
30
31    <application
32        android:name="android.app.Application"
33        android:appComponentFactory="androidx.core.app.CoreComponentFactory"
33-->[androidx.core:core:1.9.0] AndroidManifest.xml:28:18-86
34        android:debuggable="true"
35        android:icon="@mipmap/ic_launcher"
36        android:label="mboa_pharmacie"
37        android:usesCleartextTraffic="true" >
38        <activity
39            android:name="com.example.mboa_pharmacie.MainActivity"
40            android:configChanges="orientation|keyboardHidden|keyboard|screenSize|smallestScreenSize|locale|layoutDirection|fontScale|screenLayout|density|uiMode"
41            android:exported="true"
42            android:hardwareAccelerated="true"
43            android:launchMode="singleTop"
44            android:theme="@style/LaunchTheme"
45            android:windowSoftInputMode="adjustResize" >
46
47            <!--
48                 Specifies an Android theme to apply to this Activity as soon as
49                 the Android process has started. This theme is visible to the user
50                 while the Flutter UI initializes. After that, this theme continues
51                 to determine the Window background behind the Flutter UI.
52            -->
53            <meta-data
54                android:name="io.flutter.embedding.android.NormalTheme"
55                android:resource="@style/NormalTheme" />
56
57            <intent-filter>
58                <action android:name="android.intent.action.MAIN" />
59
60                <category android:name="android.intent.category.LAUNCHER" />
61            </intent-filter>
62        </activity>
63        <!--
64             Don't delete the meta-data below.
65             This is used by the Flutter tool to generate GeneratedPluginRegistrant.java
66        -->
67        <meta-data
68            android:name="flutterEmbedding"
69            android:value="2" />
70
71        <provider
71-->[:image_picker_android] AndroidManifest.xml:8:9-16:20
72            android:name="io.flutter.plugins.imagepicker.ImagePickerFileProvider"
72-->[:image_picker_android] AndroidManifest.xml:9:13-82
73            android:authorities="com.example.mboa_pharmacie.flutter.image_provider"
73-->[:image_picker_android] AndroidManifest.xml:10:13-74
74            android:exported="false"
74-->[:image_picker_android] AndroidManifest.xml:11:13-37
75            android:grantUriPermissions="true" >
75-->[:image_picker_android] AndroidManifest.xml:12:13-47
76            <meta-data
76-->[:image_picker_android] AndroidManifest.xml:13:13-15:75
77                android:name="android.support.FILE_PROVIDER_PATHS"
77-->[:image_picker_android] AndroidManifest.xml:14:17-67
78                android:resource="@xml/flutter_image_picker_file_paths" />
78-->[:image_picker_android] AndroidManifest.xml:15:17-72
79        </provider>
80
81        <activity
81-->[:url_launcher_android] AndroidManifest.xml:8:9-11:74
82            android:name="io.flutter.plugins.urllauncher.WebViewActivity"
82-->[:url_launcher_android] AndroidManifest.xml:9:13-74
83            android:exported="false"
83-->[:url_launcher_android] AndroidManifest.xml:10:13-37
84            android:theme="@android:style/Theme.NoTitleBar.Fullscreen" />
84-->[:url_launcher_android] AndroidManifest.xml:11:13-71
85
86        <provider
86-->[:share] AndroidManifest.xml:8:9-16:20
87            android:name="io.flutter.plugins.share.ShareFileProvider"
87-->[:share] AndroidManifest.xml:9:13-70
88            android:authorities="com.example.mboa_pharmacie.flutter.share_provider"
88-->[:share] AndroidManifest.xml:10:13-74
89            android:exported="false"
89-->[:share] AndroidManifest.xml:11:13-37
90            android:grantUriPermissions="true" >
90-->[:share] AndroidManifest.xml:12:13-47
91            <meta-data
91-->[:image_picker_android] AndroidManifest.xml:13:13-15:75
92                android:name="android.support.FILE_PROVIDER_PATHS"
92-->[:image_picker_android] AndroidManifest.xml:14:17-67
93                android:resource="@xml/flutter_share_file_paths" />
93-->[:image_picker_android] AndroidManifest.xml:15:17-72
94        </provider>
95
96        <uses-library
96-->[androidx.window:window:1.0.0-beta04] AndroidManifest.xml:25:9-27:40
97            android:name="androidx.window.extensions"
97-->[androidx.window:window:1.0.0-beta04] AndroidManifest.xml:26:13-54
98            android:required="false" />
98-->[androidx.window:window:1.0.0-beta04] AndroidManifest.xml:27:13-37
99        <uses-library
99-->[androidx.window:window:1.0.0-beta04] AndroidManifest.xml:28:9-30:40
100            android:name="androidx.window.sidecar"
100-->[androidx.window:window:1.0.0-beta04] AndroidManifest.xml:29:13-51
101            android:required="false" />
101-->[androidx.window:window:1.0.0-beta04] AndroidManifest.xml:30:13-37
102    </application>
103
104</manifest>